<?xml version="1.0" encoding="UTF-8"?>
<testng-results ignored="0" total="2" passed="2" failed="0" skipped="0">
  <reporter-output>
  </reporter-output>
  <suite started-at="2024-08-15T17:22:40 PDT" name="Suite" finished-at="2024-08-15T17:23:11 PDT" duration-ms="31188">
    <groups>
      <group name="Master">
        <method signature="TC_001_AccountRegistrationTest.Verify_account_registation()[pri:0, instance:testCases.TC_001_AccountRegistrationTest@47a86fbb]" name="Verify_account_registation" class="testCases.TC_001_AccountRegistrationTest"/>
        <method signature="TC_002_LoginTest.verify_Login()[pri:0, instance:testCases.TC_002_LoginTest@7bb6ab3a]" name="verify_Login" class="testCases.TC_002_LoginTest"/>
      </group> <!-- Master -->
      <group name="sanity">
        <method signature="TC_002_LoginTest.verify_Login()[pri:0, instance:testCases.TC_002_LoginTest@7bb6ab3a]" name="verify_Login" class="testCases.TC_002_LoginTest"/>
      </group> <!-- sanity -->
      <group name="Reression">
        <method signature="TC_001_AccountRegistrationTest.Verify_account_registation()[pri:0, instance:testCases.TC_001_AccountRegistrationTest@47a86fbb]" name="Verify_account_registation" class="testCases.TC_001_AccountRegistrationTest"/>
      </group> <!-- Reression -->
    </groups>
    <test started-at="2024-08-15T17:22:40 PDT" name="Test" finished-at="2024-08-15T17:23:11 PDT" duration-ms="31188">
      <class name="testCases.TC_001_AccountRegistrationTest">
        <test-method is-config="true" signature="setup(java.lang.String,java.lang.String)[pri:0, instance:testCases.TC_001_AccountRegistrationTest@47a86fbb]" started-at="2024-08-15T17:22:40 PDT" name="setup" finished-at="2024-08-15T17:22:47 PDT" duration-ms="7861" status="PASS">
          <params>
            <param index="0">
              <value>
                <![CDATA[Windows]]>
              </value>
            </param>
            <param index="1">
              <value>
                <![CDATA[chrome]]>
              </value>
            </param>
          </params>
          <reporter-output>
          </reporter-output>
        </test-method> <!-- setup -->
        <test-method signature="Verify_account_registation()[pri:0, instance:testCases.TC_001_AccountRegistrationTest@47a86fbb]" started-at="2024-08-15T17:22:48 PDT" name="Verify_account_registation" finished-at="2024-08-15T17:23:01 PDT" duration-ms="13113" status="PASS">
          <reporter-output>
          </reporter-output>
        </test-method> <!-- Verify_account_registation -->
        <test-method is-config="true" signature="TearDown()[pri:0, instance:testCases.TC_001_AccountRegistrationTest@47a86fbb]" started-at="2024-08-15T17:23:01 PDT" name="TearDown" finished-at="2024-08-15T17:23:01 PDT" duration-ms="160" status="PASS">
          <reporter-output>
          </reporter-output>
        </test-method> <!-- TearDown -->
      </class> <!-- testCases.TC_001_AccountRegistrationTest -->
      <class name="testCases.TC_002_LoginTest">
        <test-method is-config="true" signature="setup(java.lang.String,java.lang.String)[pri:0, instance:testCases.TC_002_LoginTest@7bb6ab3a]" started-at="2024-08-15T17:23:01 PDT" name="setup" finished-at="2024-08-15T17:23:09 PDT" duration-ms="7899" status="PASS">
          <params>
            <param index="0">
              <value>
                <![CDATA[Windows]]>
              </value>
            </param>
            <param index="1">
              <value>
                <![CDATA[chrome]]>
              </value>
            </param>
          </params>
          <reporter-output>
          </reporter-output>
        </test-method> <!-- setup -->
        <test-method signature="verify_Login()[pri:0, instance:testCases.TC_002_LoginTest@7bb6ab3a]" started-at="2024-08-15T17:23:09 PDT" name="verify_Login" finished-at="2024-08-15T17:23:11 PDT" duration-ms="1928" status="PASS">
          <reporter-output>
          </reporter-output>
        </test-method> <!-- verify_Login -->
        <test-method is-config="true" signature="TearDown()[pri:0, instance:testCases.TC_002_LoginTest@7bb6ab3a]" started-at="2024-08-15T17:23:11 PDT" name="TearDown" finished-at="2024-08-15T17:23:11 PDT" duration-ms="172" status="PASS">
          <reporter-output>
          </reporter-output>
        </test-method> <!-- TearDown -->
      </class> <!-- testCases.TC_002_LoginTest -->
    </test> <!-- Test -->
  </suite> <!-- Suite -->
</testng-results>
